<?xml version="1.0" encoding="UTF-8"?>
<!-- Generated by org.testng.reporters.JUnitReportReporter -->
<testsuite hostname="LAPTOP-BPHIKLG5" failures="0" tests="1" name="com.kalkulator.runners.RunnerTest" time="0.198" errors="0" timestamp="2025-02-11T20:28:49 WIB" skipped="0">
  <testcase classname="com.kalkulator.runners.RunnerTest" name="runScenario" time="0.198"/>
</testsuite> <!-- com.kalkulator.runners.RunnerTest -->
